This is pdfTeX, Version 3.141592653-2.6-1.40.22 (TeX Live 2021) (preloaded format=pdflatex 2021.10.18)  11 JAN 2022 21:58
entering extended mode
 restricted \write18 enabled.
 %&-line parsing enabled.
**team_specific_schedules.tex
(./team_specific_schedules.tex
LaTeX2e <2020-10-01> patch level 4
L3 programming layer <2021-02-18>
(/usr/local/texlive/2021basic/texmf-dist/tex/latex/base/article.cls
Document Class: article 2020/04/10 v1.4m Standard LaTeX document class
(/usr/local/texlive/2021basic/texmf-dist/tex/latex/base/size10.clo
File: size10.clo 2020/04/10 v1.4m Standard LaTeX file (size option)
)
\c@part=\count179
\c@section=\count180
\c@subsection=\count181
\c@subsubsection=\count182
\c@paragraph=\count183
\c@subparagraph=\count184
\c@figure=\count185
\c@table=\count186
\abovecaptionskip=\skip47
\belowcaptionskip=\skip48
\bibindent=\dimen138
)
(/usr/local/texlive/2021basic/texmf-dist/tex/latex/base/fontenc.sty
Package: fontenc 2020/08/10 v2.0s Standard LaTeX package
)
(/usr/local/texlive/2021basic/texmf-dist/tex/latex/base/inputenc.sty
Package: inputenc 2020/08/01 v1.3d Input encoding file
\inpenc@prehook=\toks15
\inpenc@posthook=\toks16
)
(/usr/local/texlive/2021basic/texmf-dist/tex/latex/lm/lmodern.sty
Package: lmodern 2015/05/01 v1.6.1 Latin Modern Fonts
LaTeX Font Info:    Overwriting symbol font `operators' in version `normal'
(Font)                  OT1/cmr/m/n --> OT1/lmr/m/n on input line 22.
LaTeX Font Info:    Overwriting symbol font `letters' in version `normal'
(Font)                  OML/cmm/m/it --> OML/lmm/m/it on input line 23.
LaTeX Font Info:    Overwriting symbol font `symbols' in version `normal'
(Font)                  OMS/cmsy/m/n --> OMS/lmsy/m/n on input line 24.
LaTeX Font Info:    Overwriting symbol font `largesymbols' in version `normal'
(Font)                  OMX/cmex/m/n --> OMX/lmex/m/n on input line 25.
LaTeX Font Info:    Overwriting symbol font `operators' in version `bold'
(Font)                  OT1/cmr/bx/n --> OT1/lmr/bx/n on input line 26.
LaTeX Font Info:    Overwriting symbol font `letters' in version `bold'
(Font)                  OML/cmm/b/it --> OML/lmm/b/it on input line 27.
LaTeX Font Info:    Overwriting symbol font `symbols' in version `bold'
(Font)                  OMS/cmsy/b/n --> OMS/lmsy/b/n on input line 28.
LaTeX Font Info:    Overwriting symbol font `largesymbols' in version `bold'
(Font)                  OMX/cmex/m/n --> OMX/lmex/m/n on input line 29.
LaTeX Font Info:    Overwriting math alphabet `\mathbf' in version `normal'
(Font)                  OT1/cmr/bx/n --> OT1/lmr/bx/n on input line 31.
LaTeX Font Info:    Overwriting math alphabet `\mathsf' in version `normal'
(Font)                  OT1/cmss/m/n --> OT1/lmss/m/n on input line 32.
LaTeX Font Info:    Overwriting math alphabet `\mathit' in version `normal'
(Font)                  OT1/cmr/m/it --> OT1/lmr/m/it on input line 33.
LaTeX Font Info:    Overwriting math alphabet `\mathtt' in version `normal'
(Font)                  OT1/cmtt/m/n --> OT1/lmtt/m/n on input line 34.
LaTeX Font Info:    Overwriting math alphabet `\mathbf' in version `bold'
(Font)                  OT1/cmr/bx/n --> OT1/lmr/bx/n on input line 35.
LaTeX Font Info:    Overwriting math alphabet `\mathsf' in version `bold'
(Font)                  OT1/cmss/bx/n --> OT1/lmss/bx/n on input line 36.
LaTeX Font Info:    Overwriting math alphabet `\mathit' in version `bold'
(Font)                  OT1/cmr/bx/it --> OT1/lmr/bx/it on input line 37.
LaTeX Font Info:    Overwriting math alphabet `\mathtt' in version `bold'
(Font)                  OT1/cmtt/m/n --> OT1/lmtt/m/n on input line 38.
)
(/usr/local/texlive/2021basic/texmf-dist/tex/latex/base/textcomp.sty
Package: textcomp 2020/02/02 v2.0n Standard LaTeX package
)
(/usr/local/texlive/2021basic/texmf-dist/tex/latex/xcolor/xcolor.sty
Package: xcolor 2016/05/11 v2.12 LaTeX color extensions (UK)

(/usr/local/texlive/2021basic/texmf-dist/tex/latex/graphics-cfg/color.cfg
File: color.cfg 2016/01/02 v1.6 sample color configuration
)
Package xcolor Info: Driver file: pdftex.def on input line 225.

(/usr/local/texlive/2021basic/texmf-dist/tex/latex/graphics-def/pdftex.def
File: pdftex.def 2020/10/05 v1.2a Graphics/color driver for pdftex
)
(/usr/local/texlive/2021basic/texmf-dist/tex/latex/colortbl/colortbl.sty
Package: colortbl 2020/01/04 v1.0e Color table columns (DPC)

(/usr/local/texlive/2021basic/texmf-dist/tex/latex/tools/array.sty
Package: array 2020/10/01 v2.5c Tabular extension package (FMi)
\col@sep=\dimen139
\ar@mcellbox=\box47
\extrarowheight=\dimen140
\NC@list=\toks17
\extratabsurround=\skip49
\backup@length=\skip50
\ar@cellbox=\box48
)
\everycr=\toks18
\minrowclearance=\skip51
)
\rownum=\count187
Package xcolor Info: Model `cmy' substituted by `cmy0' on input line 1348.
Package xcolor Info: Model `hsb' substituted by `rgb' on input line 1352.
Package xcolor Info: Model `RGB' extended on input line 1364.
Package xcolor Info: Model `HTML' substituted by `rgb' on input line 1366.
Package xcolor Info: Model `Hsb' substituted by `hsb' on input line 1367.
Package xcolor Info: Model `tHsb' substituted by `hsb' on input line 1368.
Package xcolor Info: Model `HSB' substituted by `hsb' on input line 1369.
Package xcolor Info: Model `Gray' substituted by `gray' on input line 1370.
Package xcolor Info: Model `wave' substituted by `hsb' on input line 1371.
)
(/usr/local/texlive/2021basic/texmf-dist/tex/latex/geometry/geometry.sty
Package: geometry 2020/01/02 v5.9 Page Geometry

(/usr/local/texlive/2021basic/texmf-dist/tex/latex/graphics/keyval.sty
Package: keyval 2014/10/28 v1.15 key=value parser (DPC)
\KV@toks@=\toks19
)
(/usr/local/texlive/2021basic/texmf-dist/tex/generic/iftex/ifvtex.sty
Package: ifvtex 2019/10/25 v1.7 ifvtex legacy package. Use iftex instead.

(/usr/local/texlive/2021basic/texmf-dist/tex/generic/iftex/iftex.sty
Package: iftex 2020/03/06 v1.0d TeX engine tests
))
\Gm@cnth=\count188
\Gm@cntv=\count189
\c@Gm@tempcnt=\count190
\Gm@bindingoffset=\dimen141
\Gm@wd@mp=\dimen142
\Gm@odd@mp=\dimen143
\Gm@even@mp=\dimen144
\Gm@layoutwidth=\dimen145
\Gm@layoutheight=\dimen146
\Gm@layouthoffset=\dimen147
\Gm@layoutvoffset=\dimen148
\Gm@dimlist=\toks20
)
(/usr/local/texlive/2021basic/texmf-dist/tex/latex/tools/tabularx.sty
Package: tabularx 2020/01/15 v2.11c `tabularx' package (DPC)
\TX@col@width=\dimen149
\TX@old@table=\dimen150
\TX@old@col=\dimen151
\TX@target=\dimen152
\TX@delta=\dimen153
\TX@cols=\count191
\TX@ftn=\toks21
)
LaTeX Font Info:    Trying to load font information for T1+lmr on input line 15
.

(/usr/local/texlive/2021basic/texmf-dist/tex/latex/lm/t1lmr.fd
File: t1lmr.fd 2015/05/01 v1.6.1 Font defs for Latin Modern
)
(/usr/local/texlive/2021basic/texmf-dist/tex/latex/l3backend/l3backend-pdftex.d
ef
File: l3backend-pdftex.def 2021-03-18 L3 backend support: PDF output (pdfTeX)
\l__color_backend_stack_int=\count192
\l__pdf_internal_box=\box49
) (./team_specific_schedules.aux)
\openout1 = `team_specific_schedules.aux'.

LaTeX Font Info:    Checking defaults for OML/cmm/m/it on input line 15.
LaTeX Font Info:    ... okay on input line 15.
LaTeX Font Info:    Checking defaults for OMS/cmsy/m/n on input line 15.
LaTeX Font Info:    ... okay on input line 15.
LaTeX Font Info:    Checking defaults for OT1/cmr/m/n on input line 15.
LaTeX Font Info:    ... okay on input line 15.
LaTeX Font Info:    Checking defaults for T1/cmr/m/n on input line 15.
LaTeX Font Info:    ... okay on input line 15.
LaTeX Font Info:    Checking defaults for TS1/cmr/m/n on input line 15.
LaTeX Font Info:    ... okay on input line 15.
LaTeX Font Info:    Checking defaults for OMX/cmex/m/n on input line 15.
LaTeX Font Info:    ... okay on input line 15.
LaTeX Font Info:    Checking defaults for U/cmr/m/n on input line 15.
LaTeX Font Info:    ... okay on input line 15.

(/usr/local/texlive/2021basic/texmf-dist/tex/context/base/mkii/supp-pdf.mkii
[Loading MPS to PDF converter (version 2006.09.02).]
\scratchcounter=\count193
\scratchdimen=\dimen154
\scratchbox=\box50
\nofMPsegments=\count194
\nofMParguments=\count195
\everyMPshowfont=\toks22
\MPscratchCnt=\count196
\MPscratchDim=\dimen155
\MPnumerator=\count197
\makeMPintoPDFobject=\count198
\everyMPtoPDFconversion=\toks23
)
*geometry* driver: auto-detecting
*geometry* detected driver: pdftex
*geometry* verbose mode - [ preamble ] result:
* driver: pdftex
* paper: <default>
* layout: <same size as paper>
* layoutoffset:(h,v)=(0.0pt,0.0pt)
* modes: includehead includefoot 
* h-part:(L,W,R)=(92.14519pt, 430.00462pt, 92.14519pt)
* v-part:(T,H,B)=(95.39737pt, 556.47656pt, 143.09605pt)
* \paperwidth=614.295pt
* \paperheight=794.96999pt
* \textwidth=430.00462pt
* \textheight=489.47656pt
* \oddsidemargin=19.8752pt
* \evensidemargin=19.8752pt
* \topmargin=23.12738pt
* \headheight=12.0pt
* \headsep=25.0pt
* \topskip=10.0pt
* \footskip=30.0pt
* \marginparwidth=65.0pt
* \marginparsep=11.0pt
* \columnsep=10.0pt
* \skip\footins=9.0pt plus 4.0pt minus 2.0pt
* \hoffset=0.0pt
* \voffset=0.0pt
* \mag=1000
* \@twocolumnfalse
* \@twosidefalse
* \@mparswitchfalse
* \@reversemarginfalse
* (1in=72.27pt=25.4mm, 1cm=28.453pt)

LaTeX Font Info:    Trying to load font information for OT1+lmr on input line 1
8.
(/usr/local/texlive/2021basic/texmf-dist/tex/latex/lm/ot1lmr.fd
File: ot1lmr.fd 2015/05/01 v1.6.1 Font defs for Latin Modern
)
LaTeX Font Info:    Trying to load font information for OML+lmm on input line 1
8.

(/usr/local/texlive/2021basic/texmf-dist/tex/latex/lm/omllmm.fd
File: omllmm.fd 2015/05/01 v1.6.1 Font defs for Latin Modern
)
LaTeX Font Info:    Trying to load font information for OMS+lmsy on input line 
18.

(/usr/local/texlive/2021basic/texmf-dist/tex/latex/lm/omslmsy.fd
File: omslmsy.fd 2015/05/01 v1.6.1 Font defs for Latin Modern
)
LaTeX Font Info:    Trying to load font information for OMX+lmex on input line 
18.

(/usr/local/texlive/2021basic/texmf-dist/tex/latex/lm/omxlmex.fd
File: omxlmex.fd 2015/05/01 v1.6.1 Font defs for Latin Modern
)
LaTeX Font Info:    External font `lmex10' loaded for size
(Font)              <12> on input line 18.
LaTeX Font Info:    External font `lmex10' loaded for size
(Font)              <8> on input line 18.
LaTeX Font Info:    External font `lmex10' loaded for size
(Font)              <6> on input line 18.
 [1

{/usr/local/texlive/2021basic/texmf-var/fonts/map/pdftex/updmap/pdftex.map}]
Underfull \hbox (badness 10000) in paragraph at lines 48--61

 []


Underfull \hbox (badness 10000) in paragraph at lines 48--61

 []


Underfull \hbox (badness 10000) in paragraph at lines 48--61

 []


Underfull \hbox (badness 10000) in paragraph at lines 48--61

 []


Underfull \hbox (badness 10000) in paragraph at lines 48--61

 []

[2]
Underfull \hbox (badness 10000) in paragraph at lines 89--102

 []


Underfull \hbox (badness 10000) in paragraph at lines 89--102

 []


Underfull \hbox (badness 10000) in paragraph at lines 89--102

 []


Underfull \hbox (badness 10000) in paragraph at lines 89--102

 []


Underfull \hbox (badness 10000) in paragraph at lines 89--102

 []

[3]
Underfull \hbox (badness 10000) in paragraph at lines 130--143

 []


Underfull \hbox (badness 10000) in paragraph at lines 130--143

 []


Underfull \hbox (badness 10000) in paragraph at lines 130--143

 []


Underfull \hbox (badness 10000) in paragraph at lines 130--143

 []


Underfull \hbox (badness 10000) in paragraph at lines 130--143

 []

[4]
Underfull \hbox (badness 10000) in paragraph at lines 171--184

 []


Underfull \hbox (badness 10000) in paragraph at lines 171--184

 []


Underfull \hbox (badness 10000) in paragraph at lines 171--184

 []


Underfull \hbox (badness 10000) in paragraph at lines 171--184

 []


Underfull \hbox (badness 10000) in paragraph at lines 171--184

 []

[5]
Underfull \hbox (badness 10000) in paragraph at lines 212--225

 []


Underfull \hbox (badness 10000) in paragraph at lines 212--225

 []


Underfull \hbox (badness 10000) in paragraph at lines 212--225

 []


Underfull \hbox (badness 10000) in paragraph at lines 212--225

 []


Underfull \hbox (badness 10000) in paragraph at lines 212--225

 []

[6]
Underfull \hbox (badness 10000) in paragraph at lines 253--266

 []


Underfull \hbox (badness 10000) in paragraph at lines 253--266

 []


Underfull \hbox (badness 10000) in paragraph at lines 253--266

 []


Underfull \hbox (badness 10000) in paragraph at lines 253--266

 []


Underfull \hbox (badness 10000) in paragraph at lines 253--266

 []

[7]
Underfull \hbox (badness 10000) in paragraph at lines 294--307

 []


Underfull \hbox (badness 10000) in paragraph at lines 294--307

 []


Underfull \hbox (badness 10000) in paragraph at lines 294--307

 []


Underfull \hbox (badness 10000) in paragraph at lines 294--307

 []


Underfull \hbox (badness 10000) in paragraph at lines 294--307

 []

[8]
Underfull \hbox (badness 10000) in paragraph at lines 335--348

 []


Underfull \hbox (badness 10000) in paragraph at lines 335--348

 []


Underfull \hbox (badness 10000) in paragraph at lines 335--348

 []


Underfull \hbox (badness 10000) in paragraph at lines 335--348

 []


Underfull \hbox (badness 10000) in paragraph at lines 335--348

 []

[9]
Underfull \hbox (badness 10000) in paragraph at lines 376--389

 []


Underfull \hbox (badness 10000) in paragraph at lines 376--389

 []


Underfull \hbox (badness 10000) in paragraph at lines 376--389

 []


Underfull \hbox (badness 10000) in paragraph at lines 376--389

 []


Underfull \hbox (badness 10000) in paragraph at lines 376--389

 []

[10]
Underfull \hbox (badness 10000) in paragraph at lines 417--430

 []


Underfull \hbox (badness 10000) in paragraph at lines 417--430

 []


Underfull \hbox (badness 10000) in paragraph at lines 417--430

 []


Underfull \hbox (badness 10000) in paragraph at lines 417--430

 []


Underfull \hbox (badness 10000) in paragraph at lines 417--430

 []

[11]
Underfull \hbox (badness 10000) in paragraph at lines 458--471

 []


Underfull \hbox (badness 10000) in paragraph at lines 458--471

 []


Underfull \hbox (badness 10000) in paragraph at lines 458--471

 []


Underfull \hbox (badness 10000) in paragraph at lines 458--471

 []


Underfull \hbox (badness 10000) in paragraph at lines 458--471

 []

[12]
Underfull \hbox (badness 10000) in paragraph at lines 499--512

 []


Underfull \hbox (badness 10000) in paragraph at lines 499--512

 []


Underfull \hbox (badness 10000) in paragraph at lines 499--512

 []


Underfull \hbox (badness 10000) in paragraph at lines 499--512

 []


Underfull \hbox (badness 10000) in paragraph at lines 499--512

 []

[13]
Underfull \hbox (badness 10000) in paragraph at lines 540--553

 []


Underfull \hbox (badness 10000) in paragraph at lines 540--553

 []


Underfull \hbox (badness 10000) in paragraph at lines 540--553

 []


Underfull \hbox (badness 10000) in paragraph at lines 540--553

 []


Underfull \hbox (badness 10000) in paragraph at lines 540--553

 []

[14]
Underfull \hbox (badness 10000) in paragraph at lines 581--594

 []


Underfull \hbox (badness 10000) in paragraph at lines 581--594

 []


Underfull \hbox (badness 10000) in paragraph at lines 581--594

 []


Underfull \hbox (badness 10000) in paragraph at lines 581--594

 []


Underfull \hbox (badness 10000) in paragraph at lines 581--594

 []

[15]
Underfull \hbox (badness 10000) in paragraph at lines 622--635

 []


Underfull \hbox (badness 10000) in paragraph at lines 622--635

 []


Underfull \hbox (badness 10000) in paragraph at lines 622--635

 []


Underfull \hbox (badness 10000) in paragraph at lines 622--635

 []


Underfull \hbox (badness 10000) in paragraph at lines 622--635

 []

[16]
Underfull \hbox (badness 10000) in paragraph at lines 663--676

 []


Underfull \hbox (badness 10000) in paragraph at lines 663--676

 []


Underfull \hbox (badness 10000) in paragraph at lines 663--676

 []


Underfull \hbox (badness 10000) in paragraph at lines 663--676

 []


Underfull \hbox (badness 10000) in paragraph at lines 663--676

 []

[17]
Underfull \hbox (badness 10000) in paragraph at lines 703--716

 []


Underfull \hbox (badness 10000) in paragraph at lines 703--716

 []


Underfull \hbox (badness 10000) in paragraph at lines 703--716

 []


Underfull \hbox (badness 10000) in paragraph at lines 703--716

 []


Underfull \hbox (badness 10000) in paragraph at lines 703--716

 []

[18]
Underfull \hbox (badness 10000) in paragraph at lines 743--756

 []


Underfull \hbox (badness 10000) in paragraph at lines 743--756

 []


Underfull \hbox (badness 10000) in paragraph at lines 743--756

 []


Underfull \hbox (badness 10000) in paragraph at lines 743--756

 []


Underfull \hbox (badness 10000) in paragraph at lines 743--756

 []

[19]
Underfull \hbox (badness 10000) in paragraph at lines 783--796

 []


Underfull \hbox (badness 10000) in paragraph at lines 783--796

 []


Underfull \hbox (badness 10000) in paragraph at lines 783--796

 []


Underfull \hbox (badness 10000) in paragraph at lines 783--796

 []


Underfull \hbox (badness 10000) in paragraph at lines 783--796

 []

[20]
Underfull \hbox (badness 10000) in paragraph at lines 823--836

 []


Underfull \hbox (badness 10000) in paragraph at lines 823--836

 []


Underfull \hbox (badness 10000) in paragraph at lines 823--836

 []


Underfull \hbox (badness 10000) in paragraph at lines 823--836

 []


Underfull \hbox (badness 10000) in paragraph at lines 823--836

 []

[21]
Underfull \hbox (badness 10000) in paragraph at lines 863--876

 []


Underfull \hbox (badness 10000) in paragraph at lines 863--876

 []


Underfull \hbox (badness 10000) in paragraph at lines 863--876

 []


Underfull \hbox (badness 10000) in paragraph at lines 863--876

 []


Underfull \hbox (badness 10000) in paragraph at lines 863--876

 []

[22]
Underfull \hbox (badness 10000) in paragraph at lines 903--916

 []


Underfull \hbox (badness 10000) in paragraph at lines 903--916

 []


Underfull \hbox (badness 10000) in paragraph at lines 903--916

 []


Underfull \hbox (badness 10000) in paragraph at lines 903--916

 []


Underfull \hbox (badness 10000) in paragraph at lines 903--916

 []

[23]
Underfull \hbox (badness 10000) in paragraph at lines 943--956

 []


Underfull \hbox (badness 10000) in paragraph at lines 943--956

 []


Underfull \hbox (badness 10000) in paragraph at lines 943--956

 []


Underfull \hbox (badness 10000) in paragraph at lines 943--956

 []


Underfull \hbox (badness 10000) in paragraph at lines 943--956

 []

[24]
Underfull \hbox (badness 10000) in paragraph at lines 983--996

 []


Underfull \hbox (badness 10000) in paragraph at lines 983--996

 []


Underfull \hbox (badness 10000) in paragraph at lines 983--996

 []


Underfull \hbox (badness 10000) in paragraph at lines 983--996

 []


Underfull \hbox (badness 10000) in paragraph at lines 983--996

 []

[25]
Underfull \hbox (badness 10000) in paragraph at lines 1023--1036

 []


Underfull \hbox (badness 10000) in paragraph at lines 1023--1036

 []


Underfull \hbox (badness 10000) in paragraph at lines 1023--1036

 []


Underfull \hbox (badness 10000) in paragraph at lines 1023--1036

 []


Underfull \hbox (badness 10000) in paragraph at lines 1023--1036

 []

[26]
Underfull \hbox (badness 10000) in paragraph at lines 1063--1076

 []


Underfull \hbox (badness 10000) in paragraph at lines 1063--1076

 []


Underfull \hbox (badness 10000) in paragraph at lines 1063--1076

 []


Underfull \hbox (badness 10000) in paragraph at lines 1063--1076

 []


Underfull \hbox (badness 10000) in paragraph at lines 1063--1076

 []

[27]
Underfull \hbox (badness 10000) in paragraph at lines 1103--1116

 []


Underfull \hbox (badness 10000) in paragraph at lines 1103--1116

 []


Underfull \hbox (badness 10000) in paragraph at lines 1103--1116

 []


Underfull \hbox (badness 10000) in paragraph at lines 1103--1116

 []


Underfull \hbox (badness 10000) in paragraph at lines 1103--1116

 []

[28]
Underfull \hbox (badness 10000) in paragraph at lines 1143--1156

 []


Underfull \hbox (badness 10000) in paragraph at lines 1143--1156

 []


Underfull \hbox (badness 10000) in paragraph at lines 1143--1156

 []


Underfull \hbox (badness 10000) in paragraph at lines 1143--1156

 []


Underfull \hbox (badness 10000) in paragraph at lines 1143--1156

 []

[29]
Underfull \hbox (badness 10000) in paragraph at lines 1181--1194

 []


Underfull \hbox (badness 10000) in paragraph at lines 1181--1194

 []


Underfull \hbox (badness 10000) in paragraph at lines 1181--1194

 []


Underfull \hbox (badness 10000) in paragraph at lines 1181--1194

 []


Underfull \hbox (badness 10000) in paragraph at lines 1181--1194

 []

[30]
Underfull \hbox (badness 10000) in paragraph at lines 1219--1232

 []


Underfull \hbox (badness 10000) in paragraph at lines 1219--1232

 []


Underfull \hbox (badness 10000) in paragraph at lines 1219--1232

 []


Underfull \hbox (badness 10000) in paragraph at lines 1219--1232

 []


Underfull \hbox (badness 10000) in paragraph at lines 1219--1232

 []

[31]
Underfull \hbox (badness 10000) in paragraph at lines 1257--1270

 []


Underfull \hbox (badness 10000) in paragraph at lines 1257--1270

 []


Underfull \hbox (badness 10000) in paragraph at lines 1257--1270

 []


Underfull \hbox (badness 10000) in paragraph at lines 1257--1270

 []


Underfull \hbox (badness 10000) in paragraph at lines 1257--1270

 []

[32]
Underfull \hbox (badness 10000) in paragraph at lines 1295--1308

 []


Underfull \hbox (badness 10000) in paragraph at lines 1295--1308

 []


Underfull \hbox (badness 10000) in paragraph at lines 1295--1308

 []


Underfull \hbox (badness 10000) in paragraph at lines 1295--1308

 []


Underfull \hbox (badness 10000) in paragraph at lines 1295--1308

 []

[33]
Underfull \hbox (badness 10000) in paragraph at lines 1333--1346

 []


Underfull \hbox (badness 10000) in paragraph at lines 1333--1346

 []


Underfull \hbox (badness 10000) in paragraph at lines 1333--1346

 []


Underfull \hbox (badness 10000) in paragraph at lines 1333--1346

 []


Underfull \hbox (badness 10000) in paragraph at lines 1333--1346

 []

[34]
Underfull \hbox (badness 10000) in paragraph at lines 1371--1384

 []


Underfull \hbox (badness 10000) in paragraph at lines 1371--1384

 []


Underfull \hbox (badness 10000) in paragraph at lines 1371--1384

 []


Underfull \hbox (badness 10000) in paragraph at lines 1371--1384

 []


Underfull \hbox (badness 10000) in paragraph at lines 1371--1384

 []

[35]
Underfull \hbox (badness 10000) in paragraph at lines 1409--1422

 []


Underfull \hbox (badness 10000) in paragraph at lines 1409--1422

 []


Underfull \hbox (badness 10000) in paragraph at lines 1409--1422

 []


Underfull \hbox (badness 10000) in paragraph at lines 1409--1422

 []


Underfull \hbox (badness 10000) in paragraph at lines 1409--1422

 []

[36]
Underfull \hbox (badness 10000) in paragraph at lines 1447--1460

 []


Underfull \hbox (badness 10000) in paragraph at lines 1447--1460

 []


Underfull \hbox (badness 10000) in paragraph at lines 1447--1460

 []


Underfull \hbox (badness 10000) in paragraph at lines 1447--1460

 []


Underfull \hbox (badness 10000) in paragraph at lines 1447--1460

 []

[37]
Underfull \hbox (badness 10000) in paragraph at lines 1485--1498

 []


Underfull \hbox (badness 10000) in paragraph at lines 1485--1498

 []


Underfull \hbox (badness 10000) in paragraph at lines 1485--1498

 []


Underfull \hbox (badness 10000) in paragraph at lines 1485--1498

 []


Underfull \hbox (badness 10000) in paragraph at lines 1485--1498

 []

[38]
Underfull \hbox (badness 10000) in paragraph at lines 1523--1536

 []


Underfull \hbox (badness 10000) in paragraph at lines 1523--1536

 []


Underfull \hbox (badness 10000) in paragraph at lines 1523--1536

 []


Underfull \hbox (badness 10000) in paragraph at lines 1523--1536

 []


Underfull \hbox (badness 10000) in paragraph at lines 1523--1536

 []

[39]
Underfull \hbox (badness 10000) in paragraph at lines 1561--1574

 []


Underfull \hbox (badness 10000) in paragraph at lines 1561--1574

 []


Underfull \hbox (badness 10000) in paragraph at lines 1561--1574

 []


Underfull \hbox (badness 10000) in paragraph at lines 1561--1574

 []


Underfull \hbox (badness 10000) in paragraph at lines 1561--1574

 []

[40]
Underfull \hbox (badness 10000) in paragraph at lines 1599--1612

 []


Underfull \hbox (badness 10000) in paragraph at lines 1599--1612

 []


Underfull \hbox (badness 10000) in paragraph at lines 1599--1612

 []


Underfull \hbox (badness 10000) in paragraph at lines 1599--1612

 []


Underfull \hbox (badness 10000) in paragraph at lines 1599--1612

 []

[41]
Underfull \hbox (badness 10000) in paragraph at lines 1637--1650

 []


Underfull \hbox (badness 10000) in paragraph at lines 1637--1650

 []


Underfull \hbox (badness 10000) in paragraph at lines 1637--1650

 []


Underfull \hbox (badness 10000) in paragraph at lines 1637--1650

 []


Underfull \hbox (badness 10000) in paragraph at lines 1637--1650

 []

[42]
Underfull \hbox (badness 10000) in paragraph at lines 1675--1688

 []


Underfull \hbox (badness 10000) in paragraph at lines 1675--1688

 []


Underfull \hbox (badness 10000) in paragraph at lines 1675--1688

 []


Underfull \hbox (badness 10000) in paragraph at lines 1675--1688

 []


Underfull \hbox (badness 10000) in paragraph at lines 1675--1688

 []

[43]
Underfull \hbox (badness 10000) in paragraph at lines 1713--1726

 []


Underfull \hbox (badness 10000) in paragraph at lines 1713--1726

 []


Underfull \hbox (badness 10000) in paragraph at lines 1713--1726

 []


Underfull \hbox (badness 10000) in paragraph at lines 1713--1726

 []


Underfull \hbox (badness 10000) in paragraph at lines 1713--1726

 []

[44]
Underfull \hbox (badness 10000) in paragraph at lines 1751--1764

 []


Underfull \hbox (badness 10000) in paragraph at lines 1751--1764

 []


Underfull \hbox (badness 10000) in paragraph at lines 1751--1764

 []


Underfull \hbox (badness 10000) in paragraph at lines 1751--1764

 []


Underfull \hbox (badness 10000) in paragraph at lines 1751--1764

 []

[45]
Underfull \hbox (badness 10000) in paragraph at lines 1789--1802

 []


Underfull \hbox (badness 10000) in paragraph at lines 1789--1802

 []


Underfull \hbox (badness 10000) in paragraph at lines 1789--1802

 []


Underfull \hbox (badness 10000) in paragraph at lines 1789--1802

 []


Underfull \hbox (badness 10000) in paragraph at lines 1789--1802

 []

[46]
Underfull \hbox (badness 10000) in paragraph at lines 1827--1840

 []


Underfull \hbox (badness 10000) in paragraph at lines 1827--1840

 []


Underfull \hbox (badness 10000) in paragraph at lines 1827--1840

 []


Underfull \hbox (badness 10000) in paragraph at lines 1827--1840

 []


Underfull \hbox (badness 10000) in paragraph at lines 1827--1840

 []

[47]
Underfull \hbox (badness 10000) in paragraph at lines 1865--1878

 []


Underfull \hbox (badness 10000) in paragraph at lines 1865--1878

 []


Underfull \hbox (badness 10000) in paragraph at lines 1865--1878

 []


Underfull \hbox (badness 10000) in paragraph at lines 1865--1878

 []


Underfull \hbox (badness 10000) in paragraph at lines 1865--1878

 []

[48]
Underfull \hbox (badness 10000) in paragraph at lines 1903--1916

 []


Underfull \hbox (badness 10000) in paragraph at lines 1903--1916

 []


Underfull \hbox (badness 10000) in paragraph at lines 1903--1916

 []


Underfull \hbox (badness 10000) in paragraph at lines 1903--1916

 []


Underfull \hbox (badness 10000) in paragraph at lines 1903--1916

 []

[49]
Underfull \hbox (badness 10000) in paragraph at lines 1941--1954

 []


Underfull \hbox (badness 10000) in paragraph at lines 1941--1954

 []


Underfull \hbox (badness 10000) in paragraph at lines 1941--1954

 []


Underfull \hbox (badness 10000) in paragraph at lines 1941--1954

 []


Underfull \hbox (badness 10000) in paragraph at lines 1941--1954

 []

[50]
Underfull \hbox (badness 10000) in paragraph at lines 1979--1992

 []


Underfull \hbox (badness 10000) in paragraph at lines 1979--1992

 []


Underfull \hbox (badness 10000) in paragraph at lines 1979--1992

 []


Underfull \hbox (badness 10000) in paragraph at lines 1979--1992

 []


Underfull \hbox (badness 10000) in paragraph at lines 1979--1992

 []

[51]
Underfull \hbox (badness 10000) in paragraph at lines 2017--2030

 []


Underfull \hbox (badness 10000) in paragraph at lines 2017--2030

 []


Underfull \hbox (badness 10000) in paragraph at lines 2017--2030

 []


Underfull \hbox (badness 10000) in paragraph at lines 2017--2030

 []


Underfull \hbox (badness 10000) in paragraph at lines 2017--2030

 []

[52]
Underfull \hbox (badness 10000) in paragraph at lines 2055--2068

 []


Underfull \hbox (badness 10000) in paragraph at lines 2055--2068

 []


Underfull \hbox (badness 10000) in paragraph at lines 2055--2068

 []


Underfull \hbox (badness 10000) in paragraph at lines 2055--2068

 []


Underfull \hbox (badness 10000) in paragraph at lines 2055--2068

 []

[53]
Underfull \hbox (badness 10000) in paragraph at lines 2093--2106

 []


Underfull \hbox (badness 10000) in paragraph at lines 2093--2106

 []


Underfull \hbox (badness 10000) in paragraph at lines 2093--2106

 []


Underfull \hbox (badness 10000) in paragraph at lines 2093--2106

 []


Underfull \hbox (badness 10000) in paragraph at lines 2093--2106

 []

[54]
Underfull \hbox (badness 10000) in paragraph at lines 2131--2144

 []


Underfull \hbox (badness 10000) in paragraph at lines 2131--2144

 []


Underfull \hbox (badness 10000) in paragraph at lines 2131--2144

 []


Underfull \hbox (badness 10000) in paragraph at lines 2131--2144

 []


Underfull \hbox (badness 10000) in paragraph at lines 2131--2144

 []

[55]
Underfull \hbox (badness 10000) in paragraph at lines 2169--2182

 []


Underfull \hbox (badness 10000) in paragraph at lines 2169--2182

 []


Underfull \hbox (badness 10000) in paragraph at lines 2169--2182

 []


Underfull \hbox (badness 10000) in paragraph at lines 2169--2182

 []


Underfull \hbox (badness 10000) in paragraph at lines 2169--2182

 []

[56]
Underfull \hbox (badness 10000) in paragraph at lines 2207--2220

 []


Underfull \hbox (badness 10000) in paragraph at lines 2207--2220

 []


Underfull \hbox (badness 10000) in paragraph at lines 2207--2220

 []


Underfull \hbox (badness 10000) in paragraph at lines 2207--2220

 []


Underfull \hbox (badness 10000) in paragraph at lines 2207--2220

 []

[57]
Underfull \hbox (badness 10000) in paragraph at lines 2245--2258

 []


Underfull \hbox (badness 10000) in paragraph at lines 2245--2258

 []


Underfull \hbox (badness 10000) in paragraph at lines 2245--2258

 []


Underfull \hbox (badness 10000) in paragraph at lines 2245--2258

 []


Underfull \hbox (badness 10000) in paragraph at lines 2245--2258

 []

[58]
Underfull \hbox (badness 10000) in paragraph at lines 2283--2296

 []


Underfull \hbox (badness 10000) in paragraph at lines 2283--2296

 []


Underfull \hbox (badness 10000) in paragraph at lines 2283--2296

 []


Underfull \hbox (badness 10000) in paragraph at lines 2283--2296

 []


Underfull \hbox (badness 10000) in paragraph at lines 2283--2296

 []

[59]
Underfull \hbox (badness 10000) in paragraph at lines 2321--2334

 []


Underfull \hbox (badness 10000) in paragraph at lines 2321--2334

 []


Underfull \hbox (badness 10000) in paragraph at lines 2321--2334

 []


Underfull \hbox (badness 10000) in paragraph at lines 2321--2334

 []


Underfull \hbox (badness 10000) in paragraph at lines 2321--2334

 []

[60]
Underfull \hbox (badness 10000) in paragraph at lines 2359--2372

 []


Underfull \hbox (badness 10000) in paragraph at lines 2359--2372

 []


Underfull \hbox (badness 10000) in paragraph at lines 2359--2372

 []


Underfull \hbox (badness 10000) in paragraph at lines 2359--2372

 []


Underfull \hbox (badness 10000) in paragraph at lines 2359--2372

 []

[61]
Underfull \hbox (badness 10000) in paragraph at lines 2397--2410

 []


Underfull \hbox (badness 10000) in paragraph at lines 2397--2410

 []


Underfull \hbox (badness 10000) in paragraph at lines 2397--2410

 []


Underfull \hbox (badness 10000) in paragraph at lines 2397--2410

 []


Underfull \hbox (badness 10000) in paragraph at lines 2397--2410

 []

[62]
Underfull \hbox (badness 10000) in paragraph at lines 2435--2448

 []


Underfull \hbox (badness 10000) in paragraph at lines 2435--2448

 []


Underfull \hbox (badness 10000) in paragraph at lines 2435--2448

 []


Underfull \hbox (badness 10000) in paragraph at lines 2435--2448

 []


Underfull \hbox (badness 10000) in paragraph at lines 2435--2448

 []

[63]
Underfull \hbox (badness 10000) in paragraph at lines 2473--2486

 []


Underfull \hbox (badness 10000) in paragraph at lines 2473--2486

 []


Underfull \hbox (badness 10000) in paragraph at lines 2473--2486

 []


Underfull \hbox (badness 10000) in paragraph at lines 2473--2486

 []


Underfull \hbox (badness 10000) in paragraph at lines 2473--2486

 []

[64]
Underfull \hbox (badness 10000) in paragraph at lines 2511--2524

 []


Underfull \hbox (badness 10000) in paragraph at lines 2511--2524

 []


Underfull \hbox (badness 10000) in paragraph at lines 2511--2524

 []


Underfull \hbox (badness 10000) in paragraph at lines 2511--2524

 []


Underfull \hbox (badness 10000) in paragraph at lines 2511--2524

 []

[65]
Underfull \hbox (badness 10000) in paragraph at lines 2549--2562

 []


Underfull \hbox (badness 10000) in paragraph at lines 2549--2562

 []


Underfull \hbox (badness 10000) in paragraph at lines 2549--2562

 []


Underfull \hbox (badness 10000) in paragraph at lines 2549--2562

 []


Underfull \hbox (badness 10000) in paragraph at lines 2549--2562

 []

[66]
Underfull \hbox (badness 10000) in paragraph at lines 2587--2600

 []


Underfull \hbox (badness 10000) in paragraph at lines 2587--2600

 []


Underfull \hbox (badness 10000) in paragraph at lines 2587--2600

 []


Underfull \hbox (badness 10000) in paragraph at lines 2587--2600

 []


Underfull \hbox (badness 10000) in paragraph at lines 2587--2600

 []

[67]
Underfull \hbox (badness 10000) in paragraph at lines 2625--2638

 []


Underfull \hbox (badness 10000) in paragraph at lines 2625--2638

 []


Underfull \hbox (badness 10000) in paragraph at lines 2625--2638

 []


Underfull \hbox (badness 10000) in paragraph at lines 2625--2638

 []


Underfull \hbox (badness 10000) in paragraph at lines 2625--2638

 []

[68]
Underfull \hbox (badness 10000) in paragraph at lines 2663--2676

 []


Underfull \hbox (badness 10000) in paragraph at lines 2663--2676

 []


Underfull \hbox (badness 10000) in paragraph at lines 2663--2676

 []


Underfull \hbox (badness 10000) in paragraph at lines 2663--2676

 []


Underfull \hbox (badness 10000) in paragraph at lines 2663--2676

 []

[69]
Underfull \hbox (badness 10000) in paragraph at lines 2701--2714

 []


Underfull \hbox (badness 10000) in paragraph at lines 2701--2714

 []


Underfull \hbox (badness 10000) in paragraph at lines 2701--2714

 []


Underfull \hbox (badness 10000) in paragraph at lines 2701--2714

 []


Underfull \hbox (badness 10000) in paragraph at lines 2701--2714

 []

[70]
Underfull \hbox (badness 10000) in paragraph at lines 2739--2752

 []


Underfull \hbox (badness 10000) in paragraph at lines 2739--2752

 []


Underfull \hbox (badness 10000) in paragraph at lines 2739--2752

 []


Underfull \hbox (badness 10000) in paragraph at lines 2739--2752

 []


Underfull \hbox (badness 10000) in paragraph at lines 2739--2752

 []

[71]
Underfull \hbox (badness 10000) in paragraph at lines 2777--2790

 []


Underfull \hbox (badness 10000) in paragraph at lines 2777--2790

 []


Underfull \hbox (badness 10000) in paragraph at lines 2777--2790

 []


Underfull \hbox (badness 10000) in paragraph at lines 2777--2790

 []


Underfull \hbox (badness 10000) in paragraph at lines 2777--2790

 []

[72]
Underfull \hbox (badness 10000) in paragraph at lines 2815--2828

 []


Underfull \hbox (badness 10000) in paragraph at lines 2815--2828

 []


Underfull \hbox (badness 10000) in paragraph at lines 2815--2828

 []


Underfull \hbox (badness 10000) in paragraph at lines 2815--2828

 []


Underfull \hbox (badness 10000) in paragraph at lines 2815--2828

 []

[73]
Underfull \hbox (badness 10000) in paragraph at lines 2853--2866

 []


Underfull \hbox (badness 10000) in paragraph at lines 2853--2866

 []


Underfull \hbox (badness 10000) in paragraph at lines 2853--2866

 []


Underfull \hbox (badness 10000) in paragraph at lines 2853--2866

 []


Underfull \hbox (badness 10000) in paragraph at lines 2853--2866

 []

[74]
Underfull \hbox (badness 10000) in paragraph at lines 2891--2904

 []


Underfull \hbox (badness 10000) in paragraph at lines 2891--2904

 []


Underfull \hbox (badness 10000) in paragraph at lines 2891--2904

 []


Underfull \hbox (badness 10000) in paragraph at lines 2891--2904

 []


Underfull \hbox (badness 10000) in paragraph at lines 2891--2904

 []

[75]
Underfull \hbox (badness 10000) in paragraph at lines 2929--2942

 []


Underfull \hbox (badness 10000) in paragraph at lines 2929--2942

 []


Underfull \hbox (badness 10000) in paragraph at lines 2929--2942

 []


Underfull \hbox (badness 10000) in paragraph at lines 2929--2942

 []


Underfull \hbox (badness 10000) in paragraph at lines 2929--2942

 []

[76]
Underfull \hbox (badness 10000) in paragraph at lines 2967--2980

 []


Underfull \hbox (badness 10000) in paragraph at lines 2967--2980

 []


Underfull \hbox (badness 10000) in paragraph at lines 2967--2980

 []


Underfull \hbox (badness 10000) in paragraph at lines 2967--2980

 []


Underfull \hbox (badness 10000) in paragraph at lines 2967--2980

 []

[77]
Underfull \hbox (badness 10000) in paragraph at lines 3005--3018

 []


Underfull \hbox (badness 10000) in paragraph at lines 3005--3018

 []


Underfull \hbox (badness 10000) in paragraph at lines 3005--3018

 []


Underfull \hbox (badness 10000) in paragraph at lines 3005--3018

 []


Underfull \hbox (badness 10000) in paragraph at lines 3005--3018

 []

[78]
Underfull \hbox (badness 10000) in paragraph at lines 3043--3056

 []


Underfull \hbox (badness 10000) in paragraph at lines 3043--3056

 []


Underfull \hbox (badness 10000) in paragraph at lines 3043--3056

 []


Underfull \hbox (badness 10000) in paragraph at lines 3043--3056

 []


Underfull \hbox (badness 10000) in paragraph at lines 3043--3056

 []

[79]
Underfull \hbox (badness 10000) in paragraph at lines 3081--3094

 []


Underfull \hbox (badness 10000) in paragraph at lines 3081--3094

 []


Underfull \hbox (badness 10000) in paragraph at lines 3081--3094

 []


Underfull \hbox (badness 10000) in paragraph at lines 3081--3094

 []


Underfull \hbox (badness 10000) in paragraph at lines 3081--3094

 []

[80]
Underfull \hbox (badness 10000) in paragraph at lines 3119--3132

 []


Underfull \hbox (badness 10000) in paragraph at lines 3119--3132

 []


Underfull \hbox (badness 10000) in paragraph at lines 3119--3132

 []


Underfull \hbox (badness 10000) in paragraph at lines 3119--3132

 []


Underfull \hbox (badness 10000) in paragraph at lines 3119--3132

 []

[81]
Underfull \hbox (badness 10000) in paragraph at lines 3157--3170

 []


Underfull \hbox (badness 10000) in paragraph at lines 3157--3170

 []


Underfull \hbox (badness 10000) in paragraph at lines 3157--3170

 []


Underfull \hbox (badness 10000) in paragraph at lines 3157--3170

 []


Underfull \hbox (badness 10000) in paragraph at lines 3157--3170

 []

[82]
Underfull \hbox (badness 10000) in paragraph at lines 3195--3208

 []


Underfull \hbox (badness 10000) in paragraph at lines 3195--3208

 []


Underfull \hbox (badness 10000) in paragraph at lines 3195--3208

 []


Underfull \hbox (badness 10000) in paragraph at lines 3195--3208

 []


Underfull \hbox (badness 10000) in paragraph at lines 3195--3208

 []

[83]
Underfull \hbox (badness 10000) in paragraph at lines 3233--3246

 []


Underfull \hbox (badness 10000) in paragraph at lines 3233--3246

 []


Underfull \hbox (badness 10000) in paragraph at lines 3233--3246

 []


Underfull \hbox (badness 10000) in paragraph at lines 3233--3246

 []


Underfull \hbox (badness 10000) in paragraph at lines 3233--3246

 []

[84]
Underfull \hbox (badness 10000) in paragraph at lines 3271--3284

 []


Underfull \hbox (badness 10000) in paragraph at lines 3271--3284

 []


Underfull \hbox (badness 10000) in paragraph at lines 3271--3284

 []


Underfull \hbox (badness 10000) in paragraph at lines 3271--3284

 []


Underfull \hbox (badness 10000) in paragraph at lines 3271--3284

 []

[85]
Underfull \hbox (badness 10000) in paragraph at lines 3309--3322

 []


Underfull \hbox (badness 10000) in paragraph at lines 3309--3322

 []


Underfull \hbox (badness 10000) in paragraph at lines 3309--3322

 []


Underfull \hbox (badness 10000) in paragraph at lines 3309--3322

 []


Underfull \hbox (badness 10000) in paragraph at lines 3309--3322

 []

[86]
Underfull \hbox (badness 10000) in paragraph at lines 3347--3360

 []


Underfull \hbox (badness 10000) in paragraph at lines 3347--3360

 []


Underfull \hbox (badness 10000) in paragraph at lines 3347--3360

 []


Underfull \hbox (badness 10000) in paragraph at lines 3347--3360

 []


Underfull \hbox (badness 10000) in paragraph at lines 3347--3360

 []

[87]
Underfull \hbox (badness 10000) in paragraph at lines 3385--3398

 []


Underfull \hbox (badness 10000) in paragraph at lines 3385--3398

 []


Underfull \hbox (badness 10000) in paragraph at lines 3385--3398

 []


Underfull \hbox (badness 10000) in paragraph at lines 3385--3398

 []


Underfull \hbox (badness 10000) in paragraph at lines 3385--3398

 []

[88]
Underfull \hbox (badness 10000) in paragraph at lines 3423--3436

 []


Underfull \hbox (badness 10000) in paragraph at lines 3423--3436

 []


Underfull \hbox (badness 10000) in paragraph at lines 3423--3436

 []


Underfull \hbox (badness 10000) in paragraph at lines 3423--3436

 []


Underfull \hbox (badness 10000) in paragraph at lines 3423--3436

 []

[89]
Underfull \hbox (badness 10000) in paragraph at lines 3461--3474

 []


Underfull \hbox (badness 10000) in paragraph at lines 3461--3474

 []


Underfull \hbox (badness 10000) in paragraph at lines 3461--3474

 []


Underfull \hbox (badness 10000) in paragraph at lines 3461--3474

 []


Underfull \hbox (badness 10000) in paragraph at lines 3461--3474

 []

[90]
Underfull \hbox (badness 10000) in paragraph at lines 3499--3512

 []


Underfull \hbox (badness 10000) in paragraph at lines 3499--3512

 []


Underfull \hbox (badness 10000) in paragraph at lines 3499--3512

 []


Underfull \hbox (badness 10000) in paragraph at lines 3499--3512

 []


Underfull \hbox (badness 10000) in paragraph at lines 3499--3512

 []

[91]
Underfull \hbox (badness 10000) in paragraph at lines 3537--3550

 []


Underfull \hbox (badness 10000) in paragraph at lines 3537--3550

 []


Underfull \hbox (badness 10000) in paragraph at lines 3537--3550

 []


Underfull \hbox (badness 10000) in paragraph at lines 3537--3550

 []


Underfull \hbox (badness 10000) in paragraph at lines 3537--3550

 []

[92]
Underfull \hbox (badness 10000) in paragraph at lines 3575--3588

 []


Underfull \hbox (badness 10000) in paragraph at lines 3575--3588

 []


Underfull \hbox (badness 10000) in paragraph at lines 3575--3588

 []


Underfull \hbox (badness 10000) in paragraph at lines 3575--3588

 []


Underfull \hbox (badness 10000) in paragraph at lines 3575--3588

 []

[93]
Underfull \hbox (badness 10000) in paragraph at lines 3613--3626

 []


Underfull \hbox (badness 10000) in paragraph at lines 3613--3626

 []


Underfull \hbox (badness 10000) in paragraph at lines 3613--3626

 []


Underfull \hbox (badness 10000) in paragraph at lines 3613--3626

 []


Underfull \hbox (badness 10000) in paragraph at lines 3613--3626

 []

[94]
Underfull \hbox (badness 10000) in paragraph at lines 3651--3664

 []


Underfull \hbox (badness 10000) in paragraph at lines 3651--3664

 []


Underfull \hbox (badness 10000) in paragraph at lines 3651--3664

 []


Underfull \hbox (badness 10000) in paragraph at lines 3651--3664

 []


Underfull \hbox (badness 10000) in paragraph at lines 3651--3664

 []

[95]
Underfull \hbox (badness 10000) in paragraph at lines 3689--3702

 []


Underfull \hbox (badness 10000) in paragraph at lines 3689--3702

 []


Underfull \hbox (badness 10000) in paragraph at lines 3689--3702

 []


Underfull \hbox (badness 10000) in paragraph at lines 3689--3702

 []


Underfull \hbox (badness 10000) in paragraph at lines 3689--3702

 []

[96]
Underfull \hbox (badness 10000) in paragraph at lines 3727--3740

 []


Underfull \hbox (badness 10000) in paragraph at lines 3727--3740

 []


Underfull \hbox (badness 10000) in paragraph at lines 3727--3740

 []


Underfull \hbox (badness 10000) in paragraph at lines 3727--3740

 []


Underfull \hbox (badness 10000) in paragraph at lines 3727--3740

 []

[97] (./team_specific_schedules.aux) ) 
Here is how much of TeX's memory you used:
 2446 strings out of 480445
 34539 string characters out of 5892390
 334086 words of memory out of 5000000
 19712 multiletter control sequences out of 15000+600000
 441022 words of font info for 52 fonts, out of 8000000 for 9000
 319 hyphenation exceptions out of 8191
 68i,9n,74p,451b,215s stack positions out of 5000i,500n,10000p,200000b,80000s
{/usr/local/texlive/2021basic/texmf-dist/
fonts/enc/dvips/lm/lm-ec.enc}</usr/local/texlive/2021basic/texmf-dist/fonts/typ
e1/public/lm/lmr10.pfb></usr/local/texlive/2021basic/texmf-dist/fonts/type1/pub
lic/lm/lmr12.pfb></usr/local/texlive/2021basic/texmf-dist/fonts/type1/public/lm
/lmr17.pfb>
Output written on team_specific_schedules.pdf (97 pages, 269972 bytes).
PDF statistics:
 331 PDF objects out of 1000 (max. 8388607)
 226 compressed objects within 3 object streams
 0 named destinations out of 1000 (max. 500000)
 1 words of extra memory for PDF output out of 10000 (max. 10000000)

